<?xml version="1.0" encoding="UTF-8"?>
<!-- Generated by org.testng.reporters.JUnitReportReporter -->
<testsuite skipped="0" hostname="360NDCLP103" name="TestNG_Test_Cases.VIrtue_Mart_Search_Product" tests="1" failures="0" timestamp="28 Mar 2018 12:12:17 GMT" time="25.715" errors="0">
  <testcase name="New_Product_Information" time="25.715" classname="TestNG_Test_Cases.VIrtue_Mart_Search_Product"/>
</testsuite> <!-- TestNG_Test_Cases.VIrtue_Mart_Search_Product -->
