<?xml version="1.0" encoding="UTF-8"?>
<!-- Generated by org.testng.reporters.JUnitReportReporter -->
<testsuite skipped="0" hostname="360NDCLP103" name="TestNG_Test_Cases.VIrtue_Mart_Search_Product" tests="1" failures="0" timestamp="22 Nov 2017 05:23:25 GMT" time="44.792" errors="0">
  <testcase name="New_Product_Information" time="44.792" classname="TestNG_Test_Cases.VIrtue_Mart_Search_Product"/>
</testsuite> <!-- TestNG_Test_Cases.VIrtue_Mart_Search_Product -->
