<?xml version="1.0" encoding="UTF-8"?>
<!-- Generated by org.testng.reporters.JUnitReportReporter -->
<testsuite skipped="0" hostname="360NDCLP103" name="TestNG_Test_Cases.AddNewProductCategory" tests="1" failures="0" timestamp="22 Nov 2017 05:23:25 GMT" time="3.250" errors="0">
  <testcase name="add_New_Product_Category" time="3.250" classname="TestNG_Test_Cases.AddNewProductCategory"/>
</testsuite> <!-- TestNG_Test_Cases.AddNewProductCategory -->
